<?xml version="1.0" encoding="UTF-8"?>
<!-- Generated by org.testng.reporters.JUnitReportReporter -->
<testsuite hostname="Anubhav-Trivedi" failures="0" tests="2" name="test.Login_TestCase" time="17.380" errors="0" timestamp="2022-03-21T18:09:25 IST" skipped="0">
  <testcase classname="test.Login_TestCase" name="Login_failure" time="9.907"/>
  <system-out/>
  <testcase classname="test.Login_TestCase" name="Login_Pass" time="7.473"/>
  <system-out/>
</testsuite> <!-- test.Login_TestCase -->
