<?xml version="1.0" encoding="UTF-8"?>
<!-- Generated by org.testng.reporters.JUnitReportReporter -->
<testsuite skipped="0" hostname="Anubhav-Trivedi" name="test.Login_TestCase" tests="2" failures="0" timestamp="2022-03-21T18:10:15 IST" time="15.649" errors="0">
  <testcase name="Login_Pass" time="7.573" classname="test.Login_TestCase"/>
  <system-out/>
  <testcase name="Login_failure" time="8.076" classname="test.Login_TestCase"/>
  <system-out/>
</testsuite> <!-- test.Login_TestCase -->
